<?xml version="1.0" encoding="UTF-8"?>
<!-- Generated by org.testng.reporters.JUnitXMLReporter -->
<testsuite hostname="DESKTOP-B1AQU68" ignored="0" name="test" tests="9" failures="2" timestamp="19 Dec 2020 12:34:48 GMT" time="0.115" errors="0">
  <testcase name="tc1" time="0.015" classname="com.parallelecexution.A"/>
  <testcase name="tc2" time="0.007" classname="com.parallelecexution.A">
    <skipped/>
  </testcase> <!-- tc2 -->
  <testcase name="tc2" time="0.004" classname="com.parallelecexution.A">
    <skipped/>
  </testcase> <!-- tc2 -->
  <testcase name="tc2" time="0.002" classname="com.parallelecexution.A">
    <skipped/>
  </testcase> <!-- tc2 -->
  <testcase name="tc2" time="0.003" classname="com.parallelecexution.A">
    <failure type="java.lang.AssertionError" message="expected [true] but found [false]">
      <![CDATA[java.lang.AssertionError: expected [true] but found [false]
at com.parallelecexution.A.tc2(A.java:22)
... Removed 29 stack frames]]>
    </failure>
  </testcase> <!-- tc2 -->
  <testcase name="tc3" time="0.002" classname="com.parallelecexution.A">
    <skipped/>
  </testcase> <!-- tc3 -->
  <testcase name="tc3" time="0.002" classname="com.parallelecexution.A">
    <skipped/>
  </testcase> <!-- tc3 -->
  <testcase name="tc3" time="0.002" classname="com.parallelecexution.A">
    <skipped/>
  </testcase> <!-- tc3 -->
  <testcase name="tc3" time="0.002" classname="com.parallelecexution.A">
    <failure type="java.lang.AssertionError" message="expected [true] but found [false]">
      <![CDATA[java.lang.AssertionError: expected [true] but found [false]
at com.parallelecexution.A.tc3(A.java:28)
... Removed 29 stack frames]]>
    </failure>
  </testcase> <!-- tc3 -->
</testsuite> <!-- test -->
