<?xml version="1.0" encoding="UTF-8"?>
<!-- Generated by org.testng.reporters.JUnitXMLReporter -->
<testsuite hostname="DESKTOP-B1AQU68" ignored="2" name="Test(failed)" tests="1" failures="1" timestamp="19 Dec 2020 11:53:49 GMT" time="0.069" errors="0">
  <testcase name="tc3" time="0.019" classname="com.parallelecexution.A">
    <failure type="java.lang.AssertionError" message="expected [true] but found [false]">
      <![CDATA[java.lang.AssertionError: expected [true] but found [false]
at com.parallelecexution.A.tc3(A.java:27)
... Removed 29 stack frames]]>
    </failure>
  </testcase> <!-- tc3 -->
  <testcase name="tc2" time="0.0" classname="com.parallelecexution.A">
    <ignored/>
  </testcase> <!-- tc2 -->
  <testcase name="tc1" time="0.0" classname="com.parallelecexution.A">
    <ignored/>
  </testcase> <!-- tc1 -->
</testsuite> <!-- Test(failed) -->
